<?xml version="1.0" encoding="UTF-8"?>
<!-- Generated by org.testng.reporters.JUnitReportReporter -->
<testsuite hostname="DESKTOP-O4EAIOS" failures="0" tests="1" name="Com.Test.Test_tc_002" time="10.217" errors="0" timestamp="2022-08-22T19:49:12 IST" skipped="0">
  <testcase classname="Com.Test.Test_tc_002" name="Test_Login_invalidData" time="10.217"/>
  <system-out/>
</testsuite> <!-- Com.Test.Test_tc_002 -->
