<?xml version="1.0" encoding="UTF-8"?>
<!-- Generated by org.testng.reporters.JUnitReportReporter -->
<testsuite hostname="DESKTOP-O4EAIOS" failures="0" tests="1" name="Com.Test.Test_tc_003$Test_tc_001" time="7.429" errors="0" timestamp="2022-08-22T20:20:13 IST" skipped="0">
  <testcase classname="Com.Test.Test_tc_003$Test_tc_001" name="Test_Login_invalidData" time="7.429"/>
  <system-out/>
</testsuite> <!-- Com.Test.Test_tc_003$Test_tc_001 -->
