<?xml version="1.0" encoding="UTF-8"?>
<!-- Generated by org.testng.reporters.JUnitReportReporter -->
<testsuite hostname="DESKTOP-O4EAIOS" failures="0" tests="1" name="Com.Test.Test_tc_001" time="9.313" errors="0" timestamp="2022-08-21T23:08:30 IST" skipped="0">
  <testcase classname="Com.Test.Test_tc_001" name="Login_test_ValidData" time="9.313"/>
  <system-out/>
</testsuite> <!-- Com.Test.Test_tc_001 -->
